<?xml version="1.0" encoding="UTF-8"?>
<!-- Generated by org.testng.reporters.JUnitReportReporter -->
<testsuite skipped="0" hostname="ASHWINIP-PC" name="com.mmt.test.LoginMmtTest" tests="1" failures="0" timestamp="12 Mar 2019 14:10:20 GMT" time="5.290" errors="0">
  <testcase name="verifyLogin" time="5.290" classname="com.mmt.test.LoginMmtTest"/>
</testsuite> <!-- com.mmt.test.LoginMmtTest -->
